0 info it worked if it ends with ok
1 verbose cli [ 'C:\\Program Files\\nodejs\\node.exe',
1 verbose cli   'C:\\Program Files\\nodejs\\node_modules\\npm\\bin\\npm-cli.js',
1 verbose cli   'publish' ]
2 info using npm@2.14.7
3 info using node@v4.2.2
4 verbose publish [ '.' ]
5 silly cache add args [ '.', null ]
6 verbose cache add spec .
7 silly cache add parsed spec Result {
7 silly cache add   raw: '.',
7 silly cache add   scope: null,
7 silly cache add   name: null,
7 silly cache add   rawSpec: '.',
7 silly cache add   spec: 'C:\\Users\\Pedro Dias\\VMStorage\\Github\\dashode',
7 silly cache add   type: 'directory' }
8 verbose addLocalDirectory C:\Users\Pedro Dias\AppData\Roaming\npm-cache\dashode\1.0.0\package.tgz not in flight; packing
9 verbose tar pack [ 'C:\\Users\\Pedro Dias\\AppData\\Roaming\\npm-cache\\dashode\\1.0.0\\package.tgz',
9 verbose tar pack   'C:\\Users\\Pedro Dias\\VMStorage\\Github\\dashode' ]
10 verbose tarball C:\Users\Pedro Dias\AppData\Roaming\npm-cache\dashode\1.0.0\package.tgz
11 verbose folder C:\Users\Pedro Dias\VMStorage\Github\dashode
12 info prepublish dashode@1.0.0
13 verbose addLocalTarball adding from inside cache C:\Users\Pedro Dias\AppData\Roaming\npm-cache\dashode\1.0.0\package.tgz
14 silly cache afterAdd dashode@1.0.0
15 verbose afterAdd C:\Users\Pedro Dias\AppData\Roaming\npm-cache\dashode\1.0.0\package\package.json not in flight; writing
16 verbose afterAdd C:\Users\Pedro Dias\AppData\Roaming\npm-cache\dashode\1.0.0\package\package.json written
17 silly publish { name: 'dashode',
17 silly publish   description: 'Simple & standalone HTTP requests realtime dashboard for clf based webservers.',
17 silly publish   version: '1.0.0',
17 silly publish   author: { name: 'Pedro Dias', email: 'petermdias@gmail.com' },
17 silly publish   maintainers: [ { name: 'apocas', email: 'petermdias@gmail.com' } ],
17 silly publish   dependencies:
17 silly publish    { tail: '0.4.x',
17 silly publish      'clf-parser': '0.0.x',
17 silly publish      express: '4.11.x',
17 silly publish      'socket.io': '1.3.x',
17 silly publish      yargs: '3.0.x' },
17 silly publish   main: './main',
17 silly publish   engines: { node: '>= 0.8' },
17 silly publish   bin: { dashode: './main.js' },
17 silly publish   readme: '# dashode\n\nSimple & standalone HTTP requests realtime dashboard for clf based webservers.\n\nIt was designed to debug and monitor nginx instances but it should work with anything that features a clf log.\n\n![dashode](https://raw.githubusercontent.com/apocas/dashode/master/dashode.jpg "dashode")\n\n## Usage\n\n### Install\n\n * `npm install -g dashode`\n * `dashode` (defaults to --log=/var/log/nginx/access.log --port=1337)\n * Point your browser to http://hostname:1337\n\n### Options\n\n * dashode --log=/var/log/nginx/access.log --port=1337\n\n## Support\n\n * Should support all web servers that support standard clf log format.\n * nginx, apache and others.\n\n## Authentication\n\n * Dashode does not feature authentication, you should push that to a reverse proxy if you need it.\n\n### nginx Authentication example\n ```\nserver {\n  listen 8080;\n  server_name ~^(.+)$;\n\n  location / {\n    auth_basic "Restricted";\n    auth_basic_user_file /var/nginx/passwd;\n\n    proxy_set_header Upgrade $http_upgrade;\n    proxy_set_header Connection "upgrade";\n    proxy_http_version 1.1;\n    proxy_set_header X-Forwarded-For $proxy_add_x_forwarded_for;\n    proxy_set_header Host $host;\n\n    proxy_pass http://127.0.0.1:1337/;\n  }\n}\n```\n\n## Design notes\n\n * Usage must be stupid simple\n * Monolithic/self-contained\n * Stateless & realtime only\n * Behave like a debug tool / bragging dashboard\n\n## License\n\nPedro Dias - [@pedromdias](https://twitter.com/pedromdias)\n\nLicensed under the Apache license, version 2.0 (the "license"); You may not use this file except in compliance with the license. You may obtain a copy of the license at:\n\n    http://www.apache.org/licenses/LICENSE-2.0.html\n\nUnless required by applicable law or agreed to in writing, software distributed under the license is distributed on an "as is" basis, without warranties or conditions of any kind, either express or implied. See the license for the specific language governing permissions and limitations under the license.\n',
17 silly publish   readmeFilename: 'README.md',
17 silly publish   gitHead: '0e2ee5e6a215a42208b3a6a6d167958eaa7297be',
17 silly publish   _id: 'dashode@1.0.0',
17 silly publish   scripts: {},
17 silly publish   _shasum: 'a565b2a051548d82db60288668b835a23d5288c4',
17 silly publish   _from: '.' }
18 verbose getPublishConfig undefined
19 silly mapToRegistry name dashode
20 silly mapToRegistry using default registry
21 silly mapToRegistry registry https://registry.npmjs.org/
22 silly mapToRegistry uri https://registry.npmjs.org/dashode
23 verbose publish registryBase https://registry.npmjs.org/
24 silly publish uploading C:\Users\Pedro Dias\AppData\Roaming\npm-cache\dashode\1.0.0\package.tgz
25 verbose request uri https://registry.npmjs.org/dashode
26 verbose request sending authorization for write operation
27 info attempt registry request try #1 at 5:18:13 PM
28 verbose request using bearer token for auth
29 verbose request id b092ba76f160698c
30 http request PUT https://registry.npmjs.org/dashode
31 http 403 https://registry.npmjs.org/dashode
32 verbose headers { 'content-type': 'application/json',
32 verbose headers   'cache-control': 'max-age=60',
32 verbose headers   'content-length': '95',
32 verbose headers   'accept-ranges': 'bytes',
32 verbose headers   date: 'Thu, 03 Dec 2015 17:18:12 GMT',
32 verbose headers   via: '1.1 varnish',
32 verbose headers   connection: 'keep-alive',
32 verbose headers   'x-served-by': 'cache-lcy1122-LCY',
32 verbose headers   'x-cache': 'MISS',
32 verbose headers   'x-cache-hits': '0',
32 verbose headers   'x-timer': 'S1449163091.437604,VS0,VE1392' }
33 verbose request invalidating C:\Users\Pedro Dias\AppData\Roaming\npm-cache\registry.npmjs.org\dashode on PUT
34 error publish Failed PUT 403
35 verbose stack Error: "You cannot publish over the previously published version 1.0.0." : dashode
35 verbose stack     at makeError (C:\Program Files\nodejs\node_modules\npm\node_modules\npm-registry-client\lib\request.js:264:12)
35 verbose stack     at CachingRegistryClient.<anonymous> (C:\Program Files\nodejs\node_modules\npm\node_modules\npm-registry-client\lib\request.js:252:14)
35 verbose stack     at Request._callback (C:\Program Files\nodejs\node_modules\npm\node_modules\npm-registry-client\lib\request.js:172:14)
35 verbose stack     at Request.self.callback (C:\Program Files\nodejs\node_modules\npm\node_modules\request\request.js:198:22)
35 verbose stack     at emitTwo (events.js:87:13)
35 verbose stack     at Request.emit (events.js:172:7)
35 verbose stack     at Request.<anonymous> (C:\Program Files\nodejs\node_modules\npm\node_modules\request\request.js:1063:14)
35 verbose stack     at emitOne (events.js:82:20)
35 verbose stack     at Request.emit (events.js:169:7)
35 verbose stack     at IncomingMessage.<anonymous> (C:\Program Files\nodejs\node_modules\npm\node_modules\request\request.js:1009:12)
36 verbose statusCode 403
37 verbose pkgid dashode
38 verbose cwd C:\Users\Pedro Dias\VMStorage\Github\dashode
39 error Windows_NT 10.0.10586
40 error argv "C:\\Program Files\\nodejs\\node.exe" "C:\\Program Files\\nodejs\\node_modules\\npm\\bin\\npm-cli.js" "publish"
41 error node v4.2.2
42 error npm  v2.14.7
43 error code E403
44 error "You cannot publish over the previously published version 1.0.0." : dashode
45 error If you need help, you may report this error at:
45 error     <https://github.com/npm/npm/issues>
46 verbose exit [ 1, true ]
